
=== Sat Jan 21 19:40:09 2023

Packages were changed.
Update Mode: mergeDefaultDependencies

The following packages were added:
  com.unity.ide.rider@3.0.15
  com.unity.ide.visualstudio@2.0.16
  com.unity.ide.vscode@1.2.5
  com.unity.modules.ai@1.0.0
  com.unity.modules.androidjni@1.0.0
  com.unity.modules.cloth@1.0.0
  com.unity.modules.terrain@1.0.0
  com.unity.modules.terrainphysics@1.0.0
  com.unity.modules.tilemap@1.0.0
  com.unity.modules.uielements@1.0.0
  com.unity.modules.umbra@1.0.0
  com.unity.modules.unityanalytics@1.0.0
  com.unity.modules.wind@1.0.0
  com.unity.visualscripting@1.7.8

=== Thu Feb  9 16:54:52 2023

Packages were changed.
Update Mode: updateDependencies

The following packages were updated:
  com.unity.collab-proxy from version 1.17.6 to 1.17.7
  com.unity.ide.rider from version 3.0.15 to 3.0.18
  com.unity.ide.visualstudio from version 2.0.16 to 2.0.17
  com.unity.learn.iet-framework from version 2.2.2 to 3.1.1
  com.unity.render-pipelines.universal from version 12.1.7 to 12.1.9
  com.unity.visualscripting from version 1.7.8 to 1.8.0
